<?xml version="1.0" encoding="UTF-8"?>
<!-- Generated by org.testng.reporters.JUnitReportReporter -->
<testsuite hostname="DESKTOP-BF9E4NI" failures="0" tests="9" name="TestRunner.CucumberTestRunnerForTags" time="0.159" errors="0" timestamp="2024-06-13T09:39:32 IST" skipped="0">
  <testcase classname="TestRunner.CucumberTestRunnerForTags" name="runScenario" time="0.004"/>
  <testcase classname="TestRunner.CucumberTestRunnerForTags" name="runScenario" time="0.008"/>
  <testcase classname="TestRunner.CucumberTestRunnerForTags" name="runScenario" time="0.004"/>
  <testcase classname="TestRunner.CucumberTestRunnerForTags" name="runScenario" time="0.005"/>
  <testcase classname="TestRunner.CucumberTestRunnerForTags" name="runScenario" time="0.006"/>
  <testcase classname="TestRunner.CucumberTestRunnerForTags" name="runScenario" time="0.004"/>
  <testcase classname="TestRunner.CucumberTestRunnerForTags" name="runScenario" time="0.006"/>
  <testcase classname="TestRunner.CucumberTestRunnerForTags" name="runScenario" time="0.116"/>
  <testcase classname="TestRunner.CucumberTestRunnerForTags" name="runScenario" time="0.006"/>
</testsuite> <!-- TestRunner.CucumberTestRunnerForTags -->
